[debug] [2021-08-04T18:37:08.614Z] ----------------------------------------------------------------------
[debug] [2021-08-04T18:37:08.617Z] Command:       C:\Program Files\nodejs\node.exe C:\Users\capit\AppData\Roaming\npm\node_modules\firebase-tools\lib\bin\firebase.js init
[debug] [2021-08-04T18:37:08.617Z] CLI Version:   9.16.0
[debug] [2021-08-04T18:37:08.617Z] Platform:      win32
[debug] [2021-08-04T18:37:08.617Z] Node Version:  v16.6.1
[debug] [2021-08-04T18:37:08.618Z] Time:          Wed Aug 04 2021 20:37:08 GMT+0200 (South Africa Standard Time)
[debug] [2021-08-04T18:37:08.618Z] ----------------------------------------------------------------------
[debug] 
[debug] [2021-08-04T18:37:08.709Z] > command requires scopes: ["email","openid","https://www.googleapis.com/auth/cloudplatformprojects.readonly","https://www.googleapis.com/auth/firebase","https://www.googleapis.com/auth/cloud-platform"]
[debug] [2021-08-04T18:37:08.709Z] > authorizing via signed-in user (capitalclickautomation@gmail.com)
[info] 
     ######## #### ########  ######## ########     ###     ######  ########
     ##        ##  ##     ## ##       ##     ##  ##   ##  ##       ##
     ######    ##  ########  ######   ########  #########  ######  ######
     ##        ##  ##    ##  ##       ##     ## ##     ##       ## ##
     ##       #### ##     ## ######## ########  ##     ##  ######  ########

You're about to initialize a Firebase project in this directory:

  C:\Users\capit

Before we get started, keep in mind:

  * You are initializing within an existing Firebase project directory

[info] 
=== Project Setup
[info] 
[info] First, let's associate this project directory with a Firebase project.
[info] You can create multiple project aliases by running firebase use --add, 
[info] but for now we'll just set up a default project.
[info] 
[info] i  .firebaserc already has a default project, using lms-iale. 
[debug] [2021-08-04T18:37:34.252Z] >>> [apiv2][query] GET https://firebase.googleapis.com/v1beta1/projects/lms-iale [none]
[debug] [2021-08-04T18:37:36.641Z] <<< [apiv2][status] GET https://firebase.googleapis.com/v1beta1/projects/lms-iale 200
[debug] [2021-08-04T18:37:36.641Z] <<< [apiv2][body] GET https://firebase.googleapis.com/v1beta1/projects/lms-iale {"projectId":"lms-iale","projectNumber":"652004246931","displayName":"LMS-iale","name":"projects/lms-iale","resources":{"hostingSite":"lms-iale","storageBucket":"lms-iale.appspot.com","locationId":"asia-east2"},"state":"ACTIVE"}
[info] 
=== Hosting Setup
[info] 
[info] Your public directory is the folder (relative to your project directory) that
[info] will contain Hosting assets to be uploaded with firebase deploy. If you
[info] have a build process for your assets, use your build's output directory.
[info] 
